2023-08-06 05:11:42.906171 - Initialized conversion of CBT555
2023-08-06 05:11:43.078892 - Received CBT.V505.FILE555.PDS from FILE555.XMI 
2023-08-06 05:11:43.081289 - Found $$$#DATE.txt (text/plain) in CBT.V505.FILE555.PDS, moved to PDS/$$$#DATE
2023-08-06 05:11:43.082303 - Found $$README.txt (text/plain) in CBT.V505.FILE555.PDS, moved to PDS/$$README
2023-08-06 05:11:43.083259 - Found @FILE555.txt (text/plain) in CBT.V505.FILE555.PDS, moved to PDS/@FILE555
2023-08-06 05:11:43.084432 - Found CALENDAR.txt (text/plain) in CBT.V505.FILE555.PDS, moved to PDS/CALENDAR
2023-08-06 05:11:43.085544 - Found FLPRT.txt (text/plain) in CBT.V505.FILE555.PDS, moved to PDS/FLPRT
2023-08-06 05:11:43.086543 - Found GETCPUID.txt (text/plain) in CBT.V505.FILE555.PDS, moved to PDS/GETCPUID
2023-08-06 05:11:43.087559 - Found GUS002.txt (text/plain) in CBT.V505.FILE555.PDS, moved to PDS/GUS002
2023-08-06 05:11:43.088584 - Found GUS004.txt (text/plain) in CBT.V505.FILE555.PDS, moved to PDS/GUS004
2023-08-06 05:11:43.089626 - Found GUS005.txt (text/plain) in CBT.V505.FILE555.PDS, moved to PDS/GUS005
2023-08-06 05:11:43.090658 - Found GUS007.txt (text/plain) in CBT.V505.FILE555.PDS, moved to PDS/GUS007
2023-08-06 05:11:43.091761 - Found GUS008.txt (text/plain) in CBT.V505.FILE555.PDS, moved to PDS/GUS008
2023-08-06 05:11:43.092589 - Found GUS009.txt (text/plain) in CBT.V505.FILE555.PDS, moved to PDS/GUS009
2023-08-06 05:11:43.093419 - Found GUS012.txt (text/plain) in CBT.V505.FILE555.PDS, moved to PDS/GUS012
2023-08-06 05:11:43.094312 - Found GUS014.txt (text/plain) in CBT.V505.FILE555.PDS, moved to PDS/GUS014
2023-08-06 05:11:43.095229 - Found GUS015.txt (text/plain) in CBT.V505.FILE555.PDS, moved to PDS/GUS015
2023-08-06 05:11:43.096125 - Found GUS016.txt (text/plain) in CBT.V505.FILE555.PDS, moved to PDS/GUS016
2023-08-06 05:11:43.097027 - Found GUS017.txt (text/plain) in CBT.V505.FILE555.PDS, moved to PDS/GUS017
2023-08-06 05:11:43.097900 - Found ISPFXMI.txt (text/plain) in CBT.V505.FILE555.PDS, moved to PDS/ISPFXMI
2023-08-06 05:11:43.098865 - Found LIST.txt (text/plain) in CBT.V505.FILE555.PDS, moved to PDS/LIST
2023-08-06 05:11:43.099821 - Found MACLIB.txt (text/plain) in CBT.V505.FILE555.PDS, moved to PDS/MACLIB
2023-08-06 05:11:43.100724 - Found MESSAGE.txt (text/plain) in CBT.V505.FILE555.PDS, moved to PDS/MESSAGE
2023-08-06 05:11:43.101735 - Found PAUSE.txt (text/plain) in CBT.V505.FILE555.PDS, moved to PDS/PAUSE
2023-08-06 05:11:43.102700 - Found TST9.txt (text/plain) in CBT.V505.FILE555.PDS, moved to PDS/TST9
